============================= test session starts =============================
platform win32 -- Python 3.13.7, pytest-9.0.2, pluggy-1.6.0
rootdir: C:\Users\conan\Downloads\halo-stats-for-discord
configfile: pytest.ini
plugins: anyio-4.11.0, asyncio-1.3.0, cov-7.1.0
asyncio: mode=Mode.STRICT, debug=False, asyncio_default_fixture_loop_scope=None, asyncio_default_test_loop_scope=function
collected 11 items / 9 deselected / 2 selected

C:\Users\conan\AppData\Local\Programs\Python\Python313\Lib\ast.py:50: ResourceWarning: unclosed database in <sqlite3.Connection object at 0x00000279BA8465C0>
  return compile(source, filename, mode, flags,
ResourceWarning: Enable tracemalloc to get the object allocation traceback
tests\test_schema.py F.                                                  [100%]

================================== FAILURES ===================================
________________ test_get_pair_match_category_counts_by_scope _________________

tmp_path = WindowsPath('C:/Users/conan/AppData/Local/Temp/pytest-of-conan/pytest-82/test_get_pair_match_category_c0')

    def test_get_pair_match_category_counts_by_scope(tmp_path):
        db = HaloStatsDBv2(str(tmp_path / "stats.db"))
    
        for xuid, gamertag in [("seed", "Seed"), ("xuid-a", "Alpha"), ("xuid-b", "Bravo"), ("xuid-c", "Charlie")]:
            db.insert_or_update_player(xuid, gamertag)
    
        match_rows = [
            ("pair-ranked-1", "2026-01-01T00:00:00", "ranked", ["seed", "xuid-a", "xuid-b"]),
            ("pair-ranked-2", "2026-01-02T00:00:00", "ranked", ["seed", "xuid-a"]),
            ("pair-social-1", "2026-01-03T00:00:00", "social", ["seed", "xuid-a", "xuid-b"]),
            ("pair-custom-1", "2026-01-04T00:00:00", "custom", ["seed", "xuid-b"]),
            ("pair-unknown-1", "2026-01-05T00:00:00", "unknown", ["seed", "xuid-a"]),
        ]
    
        for match_id, start_time, category, participants in match_rows:
            match = _match(match_id, ranked=(category == "ranked"), start_time=start_time)
            match["match_category"] = category
            match["category_source"] = "test"
            db.insert_match(match)
            db.insert_match_participants(
                match_id,
                [{"xuid": xuid, "team_id": "1", "outcome": 2} for xuid in participants],
            )
    
        counts = db.get_pair_match_category_counts(["seed", "xuid-a", "xuid-b", "xuid-c"])
    
>       assert counts[("seed", "xuid-a")] == {
            "ranked": 2,
            "social": 1,
            "custom": 0,
            "unknown": 1,
        }
E       AssertionError: assert {'custom': 0,... 'unknown': 0} == {'custom': 0,... 'unknown': 1}
E         
E         Omitting 2 identical items, use -vv to show
E         Differing items:
E         {'social': 2} != {'social': 1}
E         {'unknown': 0} != {'unknown': 1}
E         Use -v to get more diff

tests\test_schema.py:291: AssertionError
=============================== tests coverage ================================
_______________ coverage: platform win32, python 3.13.7-final-0 _______________

Name                                                      Stmts   Miss  Cover   Missing
---------------------------------------------------------------------------------------
src\__init__.py                                               2      0   100%
src\api\__init__.py                                           5      5     0%   8-35
src\api\client.py                                          1792   1792     0%   23-3527
src\api\history_sync\__init__.py                              2      2     0%   3-10
src\api\history_sync\planner.py                              43     43     0%   3-165
src\api\rate_limiters.py                                    177    177     0%   8-354
src\api\utils.py                                             63     63     0%   7-129
src\api\xuid_cache.py                                       117    117     0%   13-218
src\auth\__init__.py                                          2      2     0%   7-16
src\auth\setup_account.py                                   166    166     0%   13-251
src\auth\tokens.py                                          397    397     0%   6-699
src\bot\__init__.py                                           5      5     0%   7-12
src\bot\cache_status.py                                      45     45     0%   1-74
src\bot\cogs\__init__.py                                      5      5     0%   7-12
src\bot\cogs\graph.py                                        29     29     0%   8-89
src\bot\cogs\graph_commands\__init__.py                       5      5     0%   3-8
src\bot\cogs\graph_commands\analysis\__init__.py              2      2     0%   3-5
src\bot\cogs\graph_commands\analysis\iss.py                 357    357     0%   3-853
src\bot\cogs\graph_commands\collection\__init__.py            3      3     0%   3-6
src\bot\cogs\graph_commands\collection\crawlfriends.py       74     74     0%   3-144
src\bot\cogs\graph_commands\collection\crawlgames.py        509    509     0%   3-860
src\bot\cogs\graph_commands\display\__init__.py               6      6     0%   3-14
src\bot\cogs\graph_commands\display\graphstats.py            23     23     0%   3-80
src\bot\cogs\graph_commands\display\halogroups.py           145    145     0%   3-258
src\bot\cogs\graph_commands\display\halonet\__init__.py       2      2     0%   3-9
src\bot\cogs\graph_commands\display\halonet\cog.py          579    579     0%   3-1064
src\bot\cogs\graph_commands\display\halonet\ui.py           441    441     0%   3-886
src\bot\cogs\graph_commands\display\hubs.py                  21     21     0%   3-42
src\bot\cogs\graph_commands\display\network\__init__.py       3      3     0%   3-6
src\bot\cogs\graph_commands\display\network\cog.py           15     15     0%   7-51
src\bot\cogs\graph_commands\display\network\runtime.py      287    287     0%   3-521
src\bot\cogs\graph_commands\display\network\ui.py           275    275     0%   7-547
src\bot\cogs\stats.py                                       134    134     0%   12-262
src\bot\cogs\terminal\__init__.py                             4      4     0%   1-8
src\bot\cogs\terminal\cog.py                                 18     18     0%   1-28
src\bot\cogs\terminal\render.py                             142    142     0%   1-203
src\bot\cogs\terminal\router.py                             130    130     0%   1-259
src\bot\cogs\terminal\state.py                              117    117     0%   1-186
src\bot\cogs\terminal\views.py                              336    336     0%   1-468
src\bot\commands.py                                          33     33     0%   3-64
src\bot\embeds.py                                             3      3     0%   7-11
src\bot\main.py                                              74     74     0%   10-165
src\bot\presentation\__init__.py                              0      0   100%
src\bot\presentation\embed_styles.py                         13     13     0%   1-25
src\bot\presentation\embeds\__init__.py                       7      7     0%   1-13
src\bot\presentation\embeds\cache_status.py                  10     10     0%   1-43
src\bot\presentation\embeds\error.py                          8      8     0%   1-38
src\bot\presentation\embeds\friends.py                       44     44     0%   1-136
src\bot\presentation\embeds\help.py                          19     19     0%   1-79
src\bot\presentation\embeds\loading.py                        8      8     0%   1-17
src\bot\presentation\embeds\stats.py                         29     29     0%   1-72
src\bot\stats_profiles.py                                    24     24     0%   1-75
src\bot\task_manager.py                                     119    119     0%   1-176
src\bot\tasks.py                                            150    150     0%   7-256
src\config\__init__.py                                        2      0   100%
src\config\settings.py                                       28      3    89%   50-52
src\database\__init__.py                                      4      0   100%
src\database\cache.py                                       147    125    15%   22-23, 38-70, 85-133, 141-200, 204-225, 232-248, 252, 256, 260, 274-302, 306-312, 316, 320-327, 331, 340-342
src\database\coplay_backfill.py                             174    174     0%   8-329
src\database\graph_schema.py                                515    455    12%   46-48, 52-59, 63-270, 274-278, 296-336, 340-363, 367-371, 375-379, 383-395, 405-421, 425-440, 455-477, 489-517, 521-534, 538-541, 545-554, 558-569, 573-584, 588-600, 604-619, 623-629, 633-643, 651-670, 679-697, 701-721, 725-738, 742-754, 785-828, 832-836, 854-878, 882-894, 898-934, 938-971, 975-980, 1006-1057, 1061-1116, 1142-1210, 1231-1261, 1274-1309, 1313-1336, 1340-1355, 1359-1371, 1375-1393, 1402-1427, 1435-1463, 1472-1532, 1536-1571, 1575-1599, 1603-1605, 1615-1617
src\database\schema.py                                      399    242    39%   228-229, 269-279, 283-332, 372-374, 389-400, 412-414, 418-443, 448, 457, 469, 500-502, 506-532, 536-573, 582, 587, 671, 685-735, 739-764, 768-826, 830-867, 871-921, 926-958, 962-1009, 1013-1037, 1049, 1053
src\graph\__init__.py                                         3      3     0%   27-43
src\graph\crawler.py                                        431    431     0%   20-893
---------------------------------------------------------------------------------------
TOTAL                                                      8722   8450     3%
Coverage XML written to file coverage.xml
=========================== short test summary info ===========================
FAILED tests/test_schema.py::test_get_pair_match_category_counts_by_scope - A...
================== 1 failed, 1 passed, 9 deselected in 3.12s ==================
